2022-10-27 10:41:37 Client (127.0.0.1) has been connected.
2022-10-27 10:41:37 Receive: The 1 super girl, id 001.
2022-10-27 10:41:37 Send: ok
2022-10-27 10:41:38 Receive: The 2 super girl, id 002.
2022-10-27 10:41:38 Send: ok
2022-10-27 10:41:39 Receive: The 3 super girl, id 003.
2022-10-27 10:41:39 Send: ok
2022-10-27 10:41:40 Receive: The 4 super girl, id 004.
2022-10-27 10:41:40 Send: ok
2022-10-27 10:41:41 Receive: The 5 super girl, id 005.
2022-10-27 10:41:41 Send: ok
2022-10-27 10:41:42 Receive: The 6 super girl, id 006.
2022-10-27 10:41:42 Send: ok
2022-10-27 10:41:43 Receive: The 7 super girl, id 007.
2022-10-27 10:41:43 Send: ok
2022-10-27 10:41:44 Receive: The 8 super girl, id 008.
2022-10-27 10:41:44 Send: ok
2022-10-27 10:41:45 Receive: The 9 super girl, id 009.
2022-10-27 10:41:45 Send: ok
2022-10-27 10:41:46 Receive: The 10 super girl, id 010.
2022-10-27 10:41:46 Send: ok
2022-10-27 10:41:47 Thread 281473080553728 exited.
2022-10-27 10:42:36 Client (127.0.0.1) has been connected.
2022-10-27 10:42:36 Receive: The 1 super girl, id 001.
2022-10-27 10:42:36 Send: ok
2022-10-27 10:42:37 Receive: The 2 super girl, id 002.
2022-10-27 10:42:37 Send: ok
2022-10-27 10:42:38 Receive: The 3 super girl, id 003.
2022-10-27 10:42:38 Send: ok
2022-10-27 10:42:39 Receive: The 4 super girl, id 004.
2022-10-27 10:42:39 Send: ok
2022-10-27 10:42:40 Receive: The 5 super girl, id 005.
2022-10-27 10:42:40 Send: ok
2022-10-27 10:42:41 Receive: The 6 super girl, id 006.
2022-10-27 10:42:41 Send: ok
2022-10-27 10:42:42 Receive: The 7 super girl, id 007.
2022-10-27 10:42:42 Send: ok
2022-10-27 10:42:43 Receive: The 8 super girl, id 008.
2022-10-27 10:42:43 Send: ok
2022-10-27 10:42:44 Receive: The 9 super girl, id 009.
2022-10-27 10:42:44 Send: ok
2022-10-27 10:42:45 Receive: The 10 super girl, id 010.
2022-10-27 10:42:45 Send: ok
2022-10-27 10:42:46 Thread 281473080553728 exited.
2022-10-27 10:42:51 Client (127.0.0.1) has been connected.
2022-10-27 10:42:51 Receive: The 1 super girl, id 001.
2022-10-27 10:42:51 Send: ok
2022-10-27 10:42:52 Receive: The 2 super girl, id 002.
2022-10-27 10:42:52 Send: ok
2022-10-27 10:42:53 Receive: The 3 super girl, id 003.
2022-10-27 10:42:53 Send: ok
2022-10-27 10:42:54 Client (127.0.0.1) has been connected.
2022-10-27 10:42:54 Receive: The 1 super girl, id 001.
2022-10-27 10:42:54 Send: ok
2022-10-27 10:42:54 Receive: The 4 super girl, id 004.
2022-10-27 10:42:54 Send: ok
2022-10-27 10:42:55 Receive: The 2 super girl, id 002.
2022-10-27 10:42:55 Send: ok
2022-10-27 10:42:55 Receive: The 5 super girl, id 005.
2022-10-27 10:42:55 Send: ok
2022-10-27 10:42:56 Receive: The 3 super girl, id 003.
2022-10-27 10:42:56 Send: ok
2022-10-27 10:42:56 Receive: The 6 super girl, id 006.
2022-10-27 10:42:56 Send: ok
2022-10-27 10:42:57 Receive: The 4 super girl, id 004.
2022-10-27 10:42:57 Send: ok
2022-10-27 10:42:57 Receive: The 7 super girl, id 007.
2022-10-27 10:42:57 Send: ok
2022-10-27 10:42:58 Receive: The 5 super girl, id 005.
2022-10-27 10:42:58 Send: ok
2022-10-27 10:42:58 Receive: The 8 super girl, id 008.
2022-10-27 10:42:58 Send: ok
2022-10-27 10:42:59 Receive: The 6 super girl, id 006.
2022-10-27 10:42:59 Send: ok
2022-10-27 10:42:59 Receive: The 9 super girl, id 009.
2022-10-27 10:42:59 Send: ok
2022-10-27 10:43:00 Receive: The 7 super girl, id 007.
2022-10-27 10:43:00 Send: ok
2022-10-27 10:43:00 Receive: The 10 super girl, id 010.
2022-10-27 10:43:00 Send: ok
2022-10-27 10:43:01 Receive: The 8 super girl, id 008.
2022-10-27 10:43:01 Send: ok
2022-10-27 10:43:01 Thread 281473080553728 exited.
2022-10-27 10:43:02 Receive: The 9 super girl, id 009.
2022-10-27 10:43:02 Send: ok
2022-10-27 10:43:03 Receive: The 10 super girl, id 010.
2022-10-27 10:43:03 Send: ok
2022-10-27 10:43:04 Thread 281473072099584 exited.
2022-10-27 10:43:51 Process exited, sig = 2.
