2022-12-06 21:18:13 客户端 (127.0.0.1) 已连接.
2022-12-06 21:18:13 strrecvbuffer = <ip>127.0.0.1</ip><port>5005</port><ptype>2</ptype><srvpath>/home/erwin/Coding/mini-project/tmp/server</srvpath><srvpathbak>/home/erwin/Coding/mini-project/tmp/serverbak</srvpathbak><andchild>true</andchild><matchname>*.XML,*.CSV,*.JSON</matchname><clientpath>/home/erwin/Coding/mini-project/tmp/client</clientpath><timetvl>10</timetvl><timeout>50</timeout><pname>tcpgetfiles_metdata</pname><clienttype>2</clienttype>
2022-12-06 21:18:13 127.0.0.1 登录 成功..
2022-12-06 21:18:13 strsendbuffer = <filename>/home/erwin/Coding/mini-project/tmp/server/SURF_ZH_20221126182231_30780.csv</filename><mtime>2022-12-06 20:46:46</mtime><size>46768</size>
2022-12-06 21:18:13 发送 /home/erwin/Coding/mini-project/tmp/server/SURF_ZH_20221126182231_30780.csv(46768) ...成功.
2022-12-06 21:18:13 strsendbuffer = <filename>/home/erwin/Coding/mini-project/tmp/server/SURF_ZH_20221126182231_30780.json</filename><mtime>2022-12-06 20:46:46</mtime><size>107932</size>
2022-12-06 21:18:13 发送 /home/erwin/Coding/mini-project/tmp/server/SURF_ZH_20221126182231_30780.json(107932) ...成功.
2022-12-06 21:18:13 strrecvbuffer = <filename>/home/erwin/Coding/mini-project/tmp/server/SURF_ZH_20221126182231_30780.csv</filename><result>ok</result>
2022-12-06 21:18:13 strsendbuffer = <filename>/home/erwin/Coding/mini-project/tmp/server/SURF_ZH_20221126182231_30780.xml</filename><mtime>2022-12-06 20:46:46</mtime><size>125554</size>
2022-12-06 21:18:13 发送 /home/erwin/Coding/mini-project/tmp/server/SURF_ZH_20221126182231_30780.xml(125554) ...成功.
2022-12-06 21:18:13 strrecvbuffer = <filename>/home/erwin/Coding/mini-project/tmp/server/SURF_ZH_20221126182231_30780.json</filename><result>ok</result>
2022-12-06 21:18:13 strrecvbuffer = s
2022-12-06 21:18:23 发送: <activetest>ok</activetest>
2022-12-06 21:18:23 接收: ok
2022-12-06 21:18:33 发送: <activetest>ok</activetest>
2022-12-06 21:18:33 接收: ok
2022-12-06 21:18:43 发送: <activetest>ok</activetest>
2022-12-06 21:18:43 接收: ok
2022-12-06 21:18:53 发送: <activetest>ok</activetest>
2022-12-06 21:18:53 接收: ok
2022-12-06 21:19:03 发送: <activetest>ok</activetest>
2022-12-06 21:19:03 接收: ok
2022-12-06 21:19:13 发送: <activetest>ok</activetest>
2022-12-06 21:19:13 接收: ok
2022-12-06 21:19:23 发送: <activetest>ok</activetest>
2022-12-06 21:19:23 接收: ok
2022-12-06 21:19:33 发送: <activetest>ok</activetest>
2022-12-06 21:19:33 接收: ok
2022-12-06 21:19:43 发送: <activetest>ok</activetest>
2022-12-06 21:19:43 接收: ok
2022-12-06 21:19:53 发送: <activetest>ok</activetest>
2022-12-06 21:19:53 接收: ok
2022-12-06 21:20:03 发送: <activetest>ok</activetest>
2022-12-06 21:20:03 接收: ok
2022-12-06 21:20:11 父进程退出, sig = 2.
2022-12-06 21:20:11 子进程退出, sig = 15.
2022-12-06 21:21:35 父进程退出, sig = 2.
2022-12-06 21:22:32 客户端 (127.0.0.1) 已连接.
2022-12-06 21:22:32 strrecvbuffer = <ip>127.0.0.1</ip><port>5005</port><ptype>2</ptype><clientpath>/home/erwin/Coding/mini-project/tmp/client</clientpath><clientpathbak>/home/erwin/Coding/mini-project/tmp/clientbak</clientpathbak><andchild>true</andchild><matchname>*.XML,*.CSV,*.JSON</matchname><srvpath>/home/erwin/Coding/mini-project/tmp/server</srvpath><timetvl>10</timetvl><timeout>50</timeout><pname>tcpputfiles_metdata</pname><clienttype>1</clienttype>
2022-12-06 21:22:32 127.0.0.1 登录 成功..
2022-12-06 21:22:32 strrecvbuffer = <filename>/home/erwin/Coding/mini-project/tmp/client/SURF_ZH_20221126182231_30780.csv</filename><mtime>2022-12-06 20:46:46</mtime><size>46768</size>
2022-12-06 21:22:32 接收 /home/erwin/Coding/mini-project/tmp/server/SURF_ZH_20221126182231_30780.csv (46768) ...成功.
2022-12-06 21:22:32 strsendbuffer = <filename>/home/erwin/Coding/mini-project/tmp/client/SURF_ZH_20221126182231_30780.csv</filename><result>ok</result>
2022-12-06 21:22:32 strrecvbuffer = <filename>/home/erwin/Coding/mini-project/tmp/client/SURF_ZH_20221126182231_30780.json</filename><mtime>2022-12-06 20:46:46</mtime><size>107932</size>
2022-12-06 21:22:32 接收 /home/erwin/Coding/mini-project/tmp/server/SURF_ZH_20221126182231_30780.json (107932) ...成功.
2022-12-06 21:22:32 strsendbuffer = <filename>/home/erwin/Coding/mini-project/tmp/client/SURF_ZH_20221126182231_30780.json</filename><result>ok</result>
2022-12-06 21:22:32 strrecvbuffer = <filename>/home/erwin/Coding/mini-project/tmp/client/SURF_ZH_20221126182231_30780.xml</filename><mtime>2022-12-06 20:46:46</mtime><size>125554</size>
2022-12-06 21:22:32 接收 /home/erwin/Coding/mini-project/tmp/server/SURF_ZH_20221126182231_30780.xml (125554) ...成功.
2022-12-06 21:22:32 strsendbuffer = <filename>/home/erwin/Coding/mini-project/tmp/client/SURF_ZH_20221126182231_30780.xml</filename><result>ok</result>
2022-12-06 21:22:42 strrecvbuffer = <activetest>ok</activetest>
2022-12-06 21:22:42 strsendbuffer = ok
2022-12-06 21:22:52 strrecvbuffer = <activetest>ok</activetest>
2022-12-06 21:22:52 strsendbuffer = ok
2022-12-06 21:23:02 strrecvbuffer = <activetest>ok</activetest>
2022-12-06 21:23:02 strsendbuffer = ok
2022-12-06 21:23:12 strrecvbuffer = <activetest>ok</activetest>
2022-12-06 21:23:12 strsendbuffer = ok
2022-12-06 21:23:14 客户端 (127.0.0.1) 已连接.
2022-12-06 21:23:14 strrecvbuffer = <ip>127.0.0.1</ip><port>5005</port><ptype>2</ptype><srvpath>/home/erwin/Coding/mini-project/tmp/server</srvpath><srvpathbak>/home/erwin/Coding/mini-project/tmp/serverbak</srvpathbak><andchild>true</andchild><matchname>*.XML,*.CSV,*.JSON</matchname><clientpath>/home/erwin/Coding/mini-project/tmp/client</clientpath><timetvl>10</timetvl><timeout>50</timeout><pname>tcpgetfiles_metdata</pname><clienttype>2</clienttype>
2022-12-06 21:23:14 127.0.0.1 登录 成功..
2022-12-06 21:23:14 strsendbuffer = <filename>/home/erwin/Coding/mini-project/tmp/server/SURF_ZH_20221126182231_30780.csv</filename><mtime>2022-12-06 20:46:46</mtime><size>46768</size>
2022-12-06 21:23:14 发送 /home/erwin/Coding/mini-project/tmp/server/SURF_ZH_20221126182231_30780.csv(46768) ...成功.
2022-12-06 21:23:14 strsendbuffer = <filename>/home/erwin/Coding/mini-project/tmp/server/SURF_ZH_20221126182231_30780.json</filename><mtime>2022-12-06 20:46:46</mtime><size>107932</size>
2022-12-06 21:23:14 发送 /home/erwin/Coding/mini-project/tmp/server/SURF_ZH_20221126182231_30780.json(107932) ...成功.
2022-12-06 21:23:14 strsendbuffer = <filename>/home/erwin/Coding/mini-project/tmp/server/SURF_ZH_20221126182231_30780.xml</filename><mtime>2022-12-06 20:46:46</mtime><size>125554</size>
2022-12-06 21:23:14 发送 /home/erwin/Coding/mini-project/tmp/server/SURF_ZH_20221126182231_30780.xml(125554) ...成功.
2022-12-06 21:23:14 strrecvbuffer = s
2022-12-06 21:23:14 strrecvbuffer = s
2022-12-06 21:23:14 strrecvbuffer = s
2022-12-06 21:23:21 TcpServer.Read() 失败.
2022-12-06 21:23:21 子进程退出, sig = 0.
2022-12-06 21:23:23 子进程退出, sig = 2.
2022-12-06 21:23:23 父进程退出, sig = 2.
