2022-12-06 21:22:32 发送: <ip>127.0.0.1</ip><port>5005</port><ptype>2</ptype><clientpath>/home/erwin/Coding/mini-project/tmp/client</clientpath><clientpathbak>/home/erwin/Coding/mini-project/tmp/clientbak</clientpathbak><andchild>true</andchild><matchname>*.XML,*.CSV,*.JSON</matchname><srvpath>/home/erwin/Coding/mini-project/tmp/server</srvpath><timetvl>10</timetvl><timeout>50</timeout><pname>tcpputfiles_metdata</pname><clienttype>1</clienttype>
2022-12-06 21:22:32 接收: 成功.
2022-12-06 21:22:32 登录 (127.0.0.1 : 5005) 成功.
2022-12-06 21:22:32 strsendbuffer = <filename>/home/erwin/Coding/mini-project/tmp/client/SURF_ZH_20221126182231_30780.csv</filename><mtime>2022-12-06 20:46:46</mtime><size>46768</size>
2022-12-06 21:22:32 发送 /home/erwin/Coding/mini-project/tmp/client/SURF_ZH_20221126182231_30780.csv(46768) ...成功.
2022-12-06 21:22:32 strsendbuffer = <filename>/home/erwin/Coding/mini-project/tmp/client/SURF_ZH_20221126182231_30780.json</filename><mtime>2022-12-06 20:46:46</mtime><size>107932</size>
2022-12-06 21:22:32 发送 /home/erwin/Coding/mini-project/tmp/client/SURF_ZH_20221126182231_30780.json(107932) ...成功.
2022-12-06 21:22:32 strrecvbuffer = <filename>/home/erwin/Coding/mini-project/tmp/client/SURF_ZH_20221126182231_30780.csv</filename><result>ok</result>
2022-12-06 21:22:32 strsendbuffer = <filename>/home/erwin/Coding/mini-project/tmp/client/SURF_ZH_20221126182231_30780.xml</filename><mtime>2022-12-06 20:46:46</mtime><size>125554</size>
2022-12-06 21:22:32 发送 /home/erwin/Coding/mini-project/tmp/client/SURF_ZH_20221126182231_30780.xml(125554) ...成功.
2022-12-06 21:22:32 strrecvbuffer = <filename>/home/erwin/Coding/mini-project/tmp/client/SURF_ZH_20221126182231_30780.json</filename><result>ok</result>
2022-12-06 21:22:32 strrecvbuffer = <filename>/home/erwin/Coding/mini-project/tmp/client/SURF_ZH_20221126182231_30780.xml</filename><result>ok</result>
2022-12-06 21:22:42 发送: <activetest>ok</activetest>
2022-12-06 21:22:42 接收: ok
2022-12-06 21:22:52 发送: <activetest>ok</activetest>
2022-12-06 21:22:52 接收: ok
2022-12-06 21:23:02 发送: <activetest>ok</activetest>
2022-12-06 21:23:02 接收: ok
2022-12-06 21:23:12 发送: <activetest>ok</activetest>
2022-12-06 21:23:12 接收: ok
2022-12-06 21:23:21 程序退出, sig = 2

